[debug] [2018-04-30T15:06:42.076Z] ----------------------------------------------------------------------
[debug] [2018-04-30T15:06:42.079Z] Command:       /usr/local/bin/node /usr/local/bin/firebase deploy
[debug] [2018-04-30T15:06:42.080Z] CLI Version:   3.18.2
[debug] [2018-04-30T15:06:42.080Z] Platform:      darwin
[debug] [2018-04-30T15:06:42.080Z] Node Version:  v8.9.0
[debug] [2018-04-30T15:06:42.081Z] Time:          Mon Apr 30 2018 22:06:42 GMT+0700 (+07)
[debug] [2018-04-30T15:06:42.081Z] ----------------------------------------------------------------------
[debug] 
[debug] [2018-04-30T15:06:42.101Z] > command requires scopes: ["email","openid","https://www.googleapis.com/auth/cloudplatformprojects.readonly","https://www.googleapis.com/auth/firebase","https://www.googleapis.com/auth/cloud-platform"]
[debug] [2018-04-30T15:06:42.101Z] > authorizing via signed-in user
[debug] [2018-04-30T15:06:42.104Z] >>> HTTP REQUEST GET https://admin.firebase.com/v1/projects/thesis-jennie  
  
 Mon Apr 30 2018 22:06:42 GMT+0700 (+07)
[debug] [2018-04-30T15:06:43.424Z] <<< HTTP RESPONSE 200
[debug] [2018-04-30T15:06:43.424Z] >>> HTTP REQUEST GET https://admin.firebase.com/v1/database/thesis-jennie/tokens  
  
 Mon Apr 30 2018 22:06:43 GMT+0700 (+07)
[debug] [2018-04-30T15:06:44.547Z] <<< HTTP RESPONSE 200
[info] 
[info] === Deploying to 'thesis-jennie'...
[info] 
[info] i  deploying database, functions, hosting
[debug] [2018-04-30T15:06:50.731Z] TypeError: rulesConfig.forEach is not a function
    at module.exports (/usr/local/lib/node_modules/firebase-tools/lib/deploy/database/prepare.js:30:15)
    at _chain (/usr/local/lib/node_modules/firebase-tools/lib/deploy/index.js:23:45)
    at /usr/local/lib/node_modules/firebase-tools/lib/deploy/index.js:77:12
    at tryCatch (/usr/local/lib/node_modules/firebase-tools/node_modules/rsvp/dist/rsvp.js:525:12)
    at invokeCallback (/usr/local/lib/node_modules/firebase-tools/node_modules/rsvp/dist/rsvp.js:538:13)
    at publish (/usr/local/lib/node_modules/firebase-tools/node_modules/rsvp/dist/rsvp.js:508:7)
    at flush (/usr/local/lib/node_modules/firebase-tools/node_modules/rsvp/dist/rsvp.js:2415:5)
    at _combinedTickCallback (internal/process/next_tick.js:131:7)
    at process._tickDomainCallback (internal/process/next_tick.js:218:9)
[error] 
[error] Error: An unexpected error has occurred.
