Arguments: 
  /usr/local/bin/node /usr/local/bin/yarn build-firebase

PATH: 
  /usr/local/opt/opencv@2/bin:/Users/aponpalanuwech/.yarn/bin:/usr/local/bin:/usr/bin:/bin:/usr/sbin:/sbin:/Applications/Wireshark.app/Contents/MacOS:/usr/local/opt/opencv@2/bin:/Users/aponpalanuwech/.yarn/bin

Yarn version: 
  1.5.1

Node version: 
  8.9.0

Platform: 
  darwin x64

npm manifest: 
  {
    "name": "togather",
    "version": "1.0.0",
    "description": "Nuxt.js project",
    "author": "Jennie <jennieramida@gmail.com>",
    "private": true,
    "scripts": {
      "dev": "nuxt",
      "build": "nuxt build",
      "build-firebase": "rm -rf nuxt && rm -rf functions/nuxt && nuxt build && cp -R nuxt functions/ && cp -R static/* nuxt/dist/ && yarn deploy",
      "start": "nuxt start",
      "generate": "nuxt generate",
      "lint": "eslint --ext .js,.vue --ignore-path .gitignore .",
      "precommit": "npm run lint",
      "deploy": "nuxt generate && firebase deploy"
    },
    "dependencies": {
      "@fortawesome/fontawesome": "^1.1.5",
      "@fortawesome/fontawesome-free-regular": "^5.0.10",
      "@fortawesome/fontawesome-free-solid": "^5.0.10",
      "@fortawesome/vue-fontawesome": "0.0.22",
      "biomatic": "^0.1.9",
      "element-ui": "^2.3.6",
      "firebase": "^4.11.0",
      "font-awesome": "^4.7.0",
      "jquery": "^3.3.1",
      "nuxtjs-node6": "latest",
      "vue": "^2.5.16",
      "vue-2-crumbs": "^0.5.2",
      "vue-clipboard2": "^0.1.0",
      "vue-facebook-signin-button": "^1.0.1",
      "vue-google-maps": "^0.1.21",
      "vue-hamburger": "^0.1.2",
      "vue-js-modal": "^1.3.12",
      "vue-slick": "^1.1.12",
      "vue2-google-maps": "^0.8.6",
      "vuefire": "^1.4.5"
    },
    "devDependencies": {
      "@profesia/vue-hamburger-menu-component": "^1.0.1",
      "babel-core": "^6.26.0",
      "babel-eslint": "^8.2.1",
      "babel-loader": "^7.1.4",
      "babel-plugin-transform-async-to-generator": "^6.24.1",
      "babel-plugin-transform-runtime": "^6.23.0",
      "babel-polyfill": "^6.26.0",
      "babel-preset-env": "^1.6.1",
      "babel-preset-es2015": "^6.24.1",
      "babel-preset-stage-0": "^6.24.1",
      "cross-env": "^5.0.1",
      "eslint": "^4.15.0",
      "eslint-config-prettier": "^2.9.0",
      "eslint-friendly-formatter": "^3.0.0",
      "eslint-loader": "^1.7.1",
      "eslint-plugin-vue": "^4.3.0",
      "export-loader": "^1.0.52",
      "glob-all": "^3.1.0",
      "import-loader": "^1.0.1",
    }
  }

yarn manifest: 
  No manifest

Lockfile: 
  No lockfile

Trace: 
  SyntaxError: /Users/aponpalanuwech/Work/planmate/package.json: Unexpected token } in JSON at position 1976
      at JSON.parse (<anonymous>)
      at /usr/local/lib/node_modules/yarn/lib/cli.js:1036:59
      at Generator.next (<anonymous>)
      at step (/usr/local/lib/node_modules/yarn/lib/cli.js:98:30)
      at /usr/local/lib/node_modules/yarn/lib/cli.js:109:13
      at <anonymous>
